<?xml version="1.0" encoding="UTF-8"?>
<!-- Generated by org.testng.reporters.JUnitXMLReporter -->
<testsuite ignored="0" hostname="US-C1JLN93" failures="1" tests="1" name="Default test" time="50.926" errors="0" timestamp="2022-05-22T14:56:15 GMT-08:00">
  <testcase classname="io.cucumber.testng.AbstractTestNGCucumberTests" name="runScenario" time="36.924">
    <failure type="io.cucumber.java.PendingException" message="TODO: implement me">
      <![CDATA[io.cucumber.java.PendingException: TODO: implement me
at stepDefinitions.RegisteredUserCheckoutProduct.user_choose_shipping_method(RegisteredUserCheckoutProduct.java:56)
at ✽.User choose Shipping method(file:///C:/Automation/ShadowingProject/src/test/java/features/RegisteredUserCheckoutProductStep.feature:17)
]]>
    </failure>
  </testcase> <!-- runScenario -->
</testsuite> <!-- Default test -->
