<?xml version="1.0" encoding="UTF-8"?>
<!-- Generated by org.testng.reporters.JUnitReportReporter -->
<testsuite hostname="US-C1JLN93" failures="0" tests="1" name="runners.TestNGTestRunner" time="47.036" errors="1" timestamp="2022-05-22T14:56:16 GMT-08:00" skipped="0">
  <testcase classname="runners.TestNGTestRunner" name="runScenario" time="47.036">
    <error message="TODO: implement me" type="io.cucumber.java.PendingException">
      <![CDATA[io.cucumber.java.PendingException: TODO: implement me
at stepDefinitions.RegisteredUserCheckoutProduct.user_choose_shipping_method(RegisteredUserCheckoutProduct.java:56)
at ✽.User choose Shipping method(file:///C:/Automation/ShadowingProject/src/test/java/features/RegisteredUserCheckoutProductStep.feature:17)
]]>
    </error>
  </testcase> <!-- runScenario -->
  <system-out/>
</testsuite> <!-- runners.TestNGTestRunner -->
